09.05.2025 18:36:25 [ERROR] Ungültige Menge: -3
09.05.2025 18:46:17 [ERROR] Ungültige Menge: -5
09.05.2025 18:46:17 [ERROR] Ungültige Menge: -3
09.05.2025 18:52:35 [ERROR] Ungültige Menge: -5
09.05.2025 18:52:35 [ERROR] Ungültige Menge: -3
09.05.2025 18:53:04 [ERROR] Ungültige Menge: -5
09.05.2025 18:53:04 [ERROR] Ungültige Menge: -3
09.05.2025 18:58:10 [ERROR] Ungültige Menge: -5
09.05.2025 18:58:10 [ERROR] Ungültige Menge: -3
09.05.2025 18:59:50 [ERROR] Ungültige Menge: -5
09.05.2025 18:59:50 [ERROR] Ungültige Menge: -3
09.05.2025 18:59:51 [INFO] maxp pruned
09.05.2025 18:59:51 [INFO] cmap pruned
09.05.2025 18:59:51 [INFO] kern dropped
09.05.2025 18:59:51 [INFO] post pruned
09.05.2025 18:59:51 [INFO] FFTM dropped
09.05.2025 18:59:51 [INFO] MATH dropped
09.05.2025 18:59:51 [INFO] GDEF dropped
09.05.2025 18:59:51 [INFO] GPOS dropped
09.05.2025 18:59:51 [INFO] GSUB dropped
09.05.2025 18:59:51 [INFO] glyf pruned
09.05.2025 18:59:51 [INFO] Added gid0 to subset
09.05.2025 18:59:51 [INFO] Added first four glyphs to subset
09.05.2025 18:59:51 [INFO] Closing glyph list over 'glyf': 40 glyphs before
09.05.2025 18:59:51 [INFO] Glyph names: ['.notdef', '.null', 'B', 'D', 'Euro', 'H', 'K', 'M', 'R', 'W', 'a', 'b', 'c', 'colon', 'd', 'e', 'eight', 'five', 'four', 'g', 'germandbls', 'h', 'hyphen', 'i', 'm', 'n', 'nine', 'nonmarkingreturn', 'one', 'p', 'period', 'r', 's', 'space', 't', 'three', 'two', 'u', 'x', 'zero']
09.05.2025 18:59:51 [INFO] Glyph IDs:   [0, 1, 2, 3, 16, 17, 19, 20, 21, 22, 23, 24, 27, 28, 29, 37, 39, 43, 46, 48, 53, 58, 68, 69, 70, 71, 72, 74, 75, 76, 80, 81, 83, 85, 86, 87, 88, 91, 161, 2948]
09.05.2025 18:59:51 [INFO] Closed glyph list over 'glyf': 40 glyphs after
09.05.2025 18:59:51 [INFO] Glyph names: ['.notdef', '.null', 'B', 'D', 'Euro', 'H', 'K', 'M', 'R', 'W', 'a', 'b', 'c', 'colon', 'd', 'e', 'eight', 'five', 'four', 'g', 'germandbls', 'h', 'hyphen', 'i', 'm', 'n', 'nine', 'nonmarkingreturn', 'one', 'p', 'period', 'r', 's', 'space', 't', 'three', 'two', 'u', 'x', 'zero']
09.05.2025 18:59:51 [INFO] Glyph IDs:   [0, 1, 2, 3, 16, 17, 19, 20, 21, 22, 23, 24, 27, 28, 29, 37, 39, 43, 46, 48, 53, 58, 68, 69, 70, 71, 72, 74, 75, 76, 80, 81, 83, 85, 86, 87, 88, 91, 161, 2948]
09.05.2025 18:59:51 [INFO] Retaining 40 glyphs
09.05.2025 18:59:51 [INFO] head subsetting not needed
09.05.2025 18:59:51 [INFO] hhea subsetting not needed
09.05.2025 18:59:51 [INFO] maxp subsetting not needed
09.05.2025 18:59:51 [INFO] OS/2 subsetting not needed
09.05.2025 18:59:51 [INFO] hmtx subsetted
09.05.2025 18:59:51 [INFO] cmap subsetted
09.05.2025 18:59:51 [INFO] fpgm subsetting not needed
09.05.2025 18:59:51 [INFO] prep subsetting not needed
09.05.2025 18:59:51 [INFO] cvt  subsetting not needed
09.05.2025 18:59:51 [INFO] loca subsetting not needed
09.05.2025 18:59:51 [INFO] post subsetted
09.05.2025 18:59:51 [INFO] gasp subsetting not needed
09.05.2025 18:59:51 [INFO] name subsetting not needed
09.05.2025 18:59:51 [INFO] glyf subsetted
09.05.2025 18:59:51 [INFO] head pruned
09.05.2025 18:59:51 [INFO] OS/2 Unicode ranges pruned: [0, 1, 33]
09.05.2025 18:59:51 [INFO] OS/2 CodePage ranges pruned: [0]
09.05.2025 18:59:51 [INFO] glyf pruned
09.05.2025 18:59:51 [INFO] name pruned
09.05.2025 18:59:51 [INFO] maxp pruned
09.05.2025 18:59:51 [INFO] cmap pruned
09.05.2025 18:59:51 [INFO] kern dropped
09.05.2025 18:59:51 [INFO] post pruned
09.05.2025 18:59:51 [INFO] FFTM dropped
09.05.2025 18:59:51 [INFO] GDEF dropped
09.05.2025 18:59:51 [INFO] GPOS dropped
09.05.2025 18:59:51 [INFO] GSUB dropped
09.05.2025 18:59:51 [INFO] glyf pruned
09.05.2025 18:59:51 [INFO] Added gid0 to subset
09.05.2025 18:59:51 [INFO] Added first four glyphs to subset
09.05.2025 18:59:51 [INFO] Closing glyph list over 'glyf': 30 glyphs before
09.05.2025 18:59:51 [INFO] Glyph names: ['.notdef', '.null', 'E', 'Euro', 'G', 'L', 'M', 'R', 'a', 'b', 'c', 'colon', 'e', 'g', 'h', 'i', 'l', 'm', 'n', 'nonmarkingreturn', 'p', 'period', 'r', 's', 'six', 'space', 't', 'u', 'z', 'zero']
09.05.2025 18:59:51 [INFO] Glyph IDs:   [0, 1, 2, 3, 17, 19, 25, 29, 40, 42, 47, 48, 53, 68, 69, 70, 72, 74, 75, 76, 79, 80, 81, 83, 85, 86, 87, 88, 93, 2948]
09.05.2025 18:59:51 [INFO] Closed glyph list over 'glyf': 30 glyphs after
09.05.2025 18:59:51 [INFO] Glyph names: ['.notdef', '.null', 'E', 'Euro', 'G', 'L', 'M', 'R', 'a', 'b', 'c', 'colon', 'e', 'g', 'h', 'i', 'l', 'm', 'n', 'nonmarkingreturn', 'p', 'period', 'r', 's', 'six', 'space', 't', 'u', 'z', 'zero']
09.05.2025 18:59:51 [INFO] Glyph IDs:   [0, 1, 2, 3, 17, 19, 25, 29, 40, 42, 47, 48, 53, 68, 69, 70, 72, 74, 75, 76, 79, 80, 81, 83, 85, 86, 87, 88, 93, 2948]
09.05.2025 18:59:51 [INFO] Retaining 30 glyphs
09.05.2025 18:59:51 [INFO] head subsetting not needed
09.05.2025 18:59:51 [INFO] hhea subsetting not needed
09.05.2025 18:59:51 [INFO] maxp subsetting not needed
09.05.2025 18:59:51 [INFO] OS/2 subsetting not needed
09.05.2025 18:59:51 [INFO] hmtx subsetted
09.05.2025 18:59:51 [INFO] cmap subsetted
09.05.2025 18:59:51 [INFO] fpgm subsetting not needed
09.05.2025 18:59:51 [INFO] prep subsetting not needed
09.05.2025 18:59:51 [INFO] cvt  subsetting not needed
09.05.2025 18:59:51 [INFO] loca subsetting not needed
09.05.2025 18:59:51 [INFO] post subsetted
09.05.2025 18:59:51 [INFO] gasp subsetting not needed
09.05.2025 18:59:51 [INFO] name subsetting not needed
09.05.2025 18:59:51 [INFO] glyf subsetted
09.05.2025 18:59:51 [INFO] head pruned
09.05.2025 18:59:51 [INFO] OS/2 Unicode ranges pruned: [0, 33]
09.05.2025 18:59:51 [INFO] OS/2 CodePage ranges pruned: [0]
09.05.2025 18:59:51 [INFO] glyf pruned
09.05.2025 18:59:51 [INFO] name pruned
09.05.2025 19:07:33 [ERROR] Ungültige Menge: -5
09.05.2025 19:07:33 [ERROR] Ungültige Menge: -3
09.05.2025 19:07:34 [INFO] maxp pruned
09.05.2025 19:07:34 [INFO] cmap pruned
09.05.2025 19:07:34 [INFO] kern dropped
09.05.2025 19:07:34 [INFO] post pruned
09.05.2025 19:07:34 [INFO] FFTM dropped
09.05.2025 19:07:34 [INFO] MATH dropped
09.05.2025 19:07:34 [INFO] GDEF dropped
09.05.2025 19:07:34 [INFO] GPOS dropped
09.05.2025 19:07:34 [INFO] GSUB dropped
09.05.2025 19:07:34 [INFO] glyf pruned
09.05.2025 19:07:34 [INFO] Added gid0 to subset
09.05.2025 19:07:34 [INFO] Added first four glyphs to subset
09.05.2025 19:07:34 [INFO] Closing glyph list over 'glyf': 39 glyphs before
09.05.2025 19:07:34 [INFO] Glyph names: ['.notdef', '.null', 'B', 'D', 'Euro', 'H', 'M', 'R', 'W', 'a', 'b', 'c', 'colon', 'd', 'e', 'eight', 'five', 'four', 'g', 'germandbls', 'h', 'hyphen', 'i', 'm', 'n', 'nine', 'nonmarkingreturn', 'one', 'p', 'period', 'r', 's', 'space', 't', 'three', 'two', 'u', 'x', 'zero']
09.05.2025 19:07:34 [INFO] Glyph IDs:   [0, 1, 2, 3, 16, 17, 19, 20, 21, 22, 23, 24, 27, 28, 29, 37, 39, 43, 48, 53, 58, 68, 69, 70, 71, 72, 74, 75, 76, 80, 81, 83, 85, 86, 87, 88, 91, 161, 2948]
09.05.2025 19:07:34 [INFO] Closed glyph list over 'glyf': 39 glyphs after
09.05.2025 19:07:34 [INFO] Glyph names: ['.notdef', '.null', 'B', 'D', 'Euro', 'H', 'M', 'R', 'W', 'a', 'b', 'c', 'colon', 'd', 'e', 'eight', 'five', 'four', 'g', 'germandbls', 'h', 'hyphen', 'i', 'm', 'n', 'nine', 'nonmarkingreturn', 'one', 'p', 'period', 'r', 's', 'space', 't', 'three', 'two', 'u', 'x', 'zero']
09.05.2025 19:07:34 [INFO] Glyph IDs:   [0, 1, 2, 3, 16, 17, 19, 20, 21, 22, 23, 24, 27, 28, 29, 37, 39, 43, 48, 53, 58, 68, 69, 70, 71, 72, 74, 75, 76, 80, 81, 83, 85, 86, 87, 88, 91, 161, 2948]
09.05.2025 19:07:34 [INFO] Retaining 39 glyphs
09.05.2025 19:07:34 [INFO] head subsetting not needed
09.05.2025 19:07:34 [INFO] hhea subsetting not needed
09.05.2025 19:07:34 [INFO] maxp subsetting not needed
09.05.2025 19:07:34 [INFO] OS/2 subsetting not needed
09.05.2025 19:07:34 [INFO] hmtx subsetted
09.05.2025 19:07:34 [INFO] cmap subsetted
09.05.2025 19:07:34 [INFO] fpgm subsetting not needed
09.05.2025 19:07:34 [INFO] prep subsetting not needed
09.05.2025 19:07:34 [INFO] cvt  subsetting not needed
09.05.2025 19:07:34 [INFO] loca subsetting not needed
09.05.2025 19:07:34 [INFO] post subsetted
09.05.2025 19:07:34 [INFO] gasp subsetting not needed
09.05.2025 19:07:34 [INFO] name subsetting not needed
09.05.2025 19:07:34 [INFO] glyf subsetted
09.05.2025 19:07:34 [INFO] head pruned
09.05.2025 19:07:34 [INFO] OS/2 Unicode ranges pruned: [0, 1, 33]
09.05.2025 19:07:34 [INFO] OS/2 CodePage ranges pruned: [0]
09.05.2025 19:07:34 [INFO] glyf pruned
09.05.2025 19:07:34 [INFO] name pruned
09.05.2025 19:07:34 [INFO] maxp pruned
09.05.2025 19:07:34 [INFO] cmap pruned
09.05.2025 19:07:34 [INFO] kern dropped
09.05.2025 19:07:34 [INFO] post pruned
09.05.2025 19:07:34 [INFO] FFTM dropped
09.05.2025 19:07:34 [INFO] GDEF dropped
09.05.2025 19:07:34 [INFO] GPOS dropped
09.05.2025 19:07:34 [INFO] GSUB dropped
09.05.2025 19:07:34 [INFO] glyf pruned
09.05.2025 19:07:34 [INFO] Added gid0 to subset
09.05.2025 19:07:34 [INFO] Added first four glyphs to subset
09.05.2025 19:07:34 [INFO] Closing glyph list over 'glyf': 30 glyphs before
09.05.2025 19:07:34 [INFO] Glyph names: ['.notdef', '.null', 'E', 'Euro', 'G', 'L', 'M', 'R', 'a', 'b', 'c', 'colon', 'e', 'g', 'h', 'i', 'l', 'm', 'n', 'nonmarkingreturn', 'p', 'period', 'r', 's', 'six', 'space', 't', 'u', 'z', 'zero']
09.05.2025 19:07:34 [INFO] Glyph IDs:   [0, 1, 2, 3, 17, 19, 25, 29, 40, 42, 47, 48, 53, 68, 69, 70, 72, 74, 75, 76, 79, 80, 81, 83, 85, 86, 87, 88, 93, 2948]
09.05.2025 19:07:34 [INFO] Closed glyph list over 'glyf': 30 glyphs after
09.05.2025 19:07:34 [INFO] Glyph names: ['.notdef', '.null', 'E', 'Euro', 'G', 'L', 'M', 'R', 'a', 'b', 'c', 'colon', 'e', 'g', 'h', 'i', 'l', 'm', 'n', 'nonmarkingreturn', 'p', 'period', 'r', 's', 'six', 'space', 't', 'u', 'z', 'zero']
09.05.2025 19:07:34 [INFO] Glyph IDs:   [0, 1, 2, 3, 17, 19, 25, 29, 40, 42, 47, 48, 53, 68, 69, 70, 72, 74, 75, 76, 79, 80, 81, 83, 85, 86, 87, 88, 93, 2948]
09.05.2025 19:07:34 [INFO] Retaining 30 glyphs
09.05.2025 19:07:34 [INFO] head subsetting not needed
09.05.2025 19:07:34 [INFO] hhea subsetting not needed
09.05.2025 19:07:34 [INFO] maxp subsetting not needed
09.05.2025 19:07:34 [INFO] OS/2 subsetting not needed
09.05.2025 19:07:34 [INFO] hmtx subsetted
09.05.2025 19:07:34 [INFO] cmap subsetted
09.05.2025 19:07:34 [INFO] fpgm subsetting not needed
09.05.2025 19:07:34 [INFO] prep subsetting not needed
09.05.2025 19:07:34 [INFO] cvt  subsetting not needed
09.05.2025 19:07:34 [INFO] loca subsetting not needed
09.05.2025 19:07:34 [INFO] post subsetted
09.05.2025 19:07:34 [INFO] gasp subsetting not needed
09.05.2025 19:07:34 [INFO] name subsetting not needed
09.05.2025 19:07:34 [INFO] glyf subsetted
09.05.2025 19:07:34 [INFO] head pruned
09.05.2025 19:07:34 [INFO] OS/2 Unicode ranges pruned: [0, 33]
09.05.2025 19:07:34 [INFO] OS/2 CodePage ranges pruned: [0]
09.05.2025 19:07:34 [INFO] glyf pruned
09.05.2025 19:07:34 [INFO] name pruned
09.05.2025 19:11:05 [ERROR] Ungültige Menge: -5
09.05.2025 19:11:05 [ERROR] Ungültige Menge: -3
09.05.2025 19:11:06 [INFO] maxp pruned
09.05.2025 19:11:06 [INFO] cmap pruned
09.05.2025 19:11:06 [INFO] kern dropped
09.05.2025 19:11:06 [INFO] post pruned
09.05.2025 19:11:06 [INFO] FFTM dropped
09.05.2025 19:11:06 [INFO] MATH dropped
09.05.2025 19:11:06 [INFO] GDEF dropped
09.05.2025 19:11:06 [INFO] GPOS dropped
09.05.2025 19:11:06 [INFO] GSUB dropped
09.05.2025 19:11:06 [INFO] glyf pruned
09.05.2025 19:11:06 [INFO] Added gid0 to subset
09.05.2025 19:11:06 [INFO] Added first four glyphs to subset
09.05.2025 19:11:06 [INFO] Closing glyph list over 'glyf': 48 glyphs before
09.05.2025 19:11:06 [INFO] Glyph names: ['.notdef', '.null', 'B', 'D', 'Euro', 'H', 'M', 'N', 'R', 'U', 'W', 'a', 'b', 'c', 'colon', 'd', 'e', 'eight', 'five', 'four', 'g', 'germandbls', 'h', 'hyphen', 'i', 'm', 'n', 'nine', 'nonmarkingreturn', 'o', 'one', 'p', 'parenleft', 'parenright', 'percent', 'period', 'r', 's', 'six', 'space', 't', 'three', 'two', 'u', 'uni202F', 'x', 'z', 'zero']
09.05.2025 19:11:06 [INFO] Glyph IDs:   [0, 1, 2, 3, 8, 11, 12, 16, 17, 19, 20, 21, 22, 23, 24, 25, 27, 28, 29, 37, 39, 43, 48, 49, 53, 56, 58, 68, 69, 70, 71, 72, 74, 75, 76, 80, 81, 82, 83, 85, 86, 87, 88, 91, 93, 161, 2834, 2948]
09.05.2025 19:11:06 [INFO] Closed glyph list over 'glyf': 48 glyphs after
09.05.2025 19:11:06 [INFO] Glyph names: ['.notdef', '.null', 'B', 'D', 'Euro', 'H', 'M', 'N', 'R', 'U', 'W', 'a', 'b', 'c', 'colon', 'd', 'e', 'eight', 'five', 'four', 'g', 'germandbls', 'h', 'hyphen', 'i', 'm', 'n', 'nine', 'nonmarkingreturn', 'o', 'one', 'p', 'parenleft', 'parenright', 'percent', 'period', 'r', 's', 'six', 'space', 't', 'three', 'two', 'u', 'uni202F', 'x', 'z', 'zero']
09.05.2025 19:11:06 [INFO] Glyph IDs:   [0, 1, 2, 3, 8, 11, 12, 16, 17, 19, 20, 21, 22, 23, 24, 25, 27, 28, 29, 37, 39, 43, 48, 49, 53, 56, 58, 68, 69, 70, 71, 72, 74, 75, 76, 80, 81, 82, 83, 85, 86, 87, 88, 91, 93, 161, 2834, 2948]
09.05.2025 19:11:06 [INFO] Retaining 48 glyphs
09.05.2025 19:11:06 [INFO] head subsetting not needed
09.05.2025 19:11:06 [INFO] hhea subsetting not needed
09.05.2025 19:11:06 [INFO] maxp subsetting not needed
09.05.2025 19:11:06 [INFO] OS/2 subsetting not needed
09.05.2025 19:11:06 [INFO] hmtx subsetted
09.05.2025 19:11:06 [INFO] cmap subsetted
09.05.2025 19:11:06 [INFO] fpgm subsetting not needed
09.05.2025 19:11:06 [INFO] prep subsetting not needed
09.05.2025 19:11:06 [INFO] cvt  subsetting not needed
09.05.2025 19:11:06 [INFO] loca subsetting not needed
09.05.2025 19:11:06 [INFO] post subsetted
09.05.2025 19:11:06 [INFO] gasp subsetting not needed
09.05.2025 19:11:06 [INFO] name subsetting not needed
09.05.2025 19:11:06 [INFO] glyf subsetted
09.05.2025 19:11:06 [INFO] head pruned
09.05.2025 19:11:06 [INFO] OS/2 Unicode ranges pruned: [0, 1, 31, 33]
09.05.2025 19:11:06 [INFO] OS/2 CodePage ranges pruned: [0]
09.05.2025 19:11:06 [INFO] glyf pruned
09.05.2025 19:11:06 [INFO] name pruned
09.05.2025 19:11:06 [INFO] maxp pruned
09.05.2025 19:11:06 [INFO] cmap pruned
09.05.2025 19:11:06 [INFO] kern dropped
09.05.2025 19:11:06 [INFO] post pruned
09.05.2025 19:11:06 [INFO] FFTM dropped
09.05.2025 19:11:06 [INFO] GDEF dropped
09.05.2025 19:11:06 [INFO] GPOS dropped
09.05.2025 19:11:06 [INFO] GSUB dropped
09.05.2025 19:11:06 [INFO] glyf pruned
09.05.2025 19:11:06 [INFO] Added gid0 to subset
09.05.2025 19:11:06 [INFO] Added first four glyphs to subset
09.05.2025 19:11:06 [INFO] Closing glyph list over 'glyf': 34 glyphs before
09.05.2025 19:11:06 [INFO] Glyph names: ['.notdef', '.null', 'B', 'E', 'Euro', 'G', 'L', 'M', 'R', 'a', 'b', 'c', 'colon', 'e', 'four', 'g', 'h', 'i', 'l', 'm', 'n', 'nonmarkingreturn', 'o', 'one', 'p', 'period', 'r', 's', 'seven', 'space', 't', 'u', 'z', 'zero']
09.05.2025 19:11:06 [INFO] Glyph IDs:   [0, 1, 2, 3, 17, 19, 20, 23, 26, 29, 37, 40, 42, 47, 48, 53, 68, 69, 70, 72, 74, 75, 76, 79, 80, 81, 82, 83, 85, 86, 87, 88, 93, 2948]
09.05.2025 19:11:06 [INFO] Closed glyph list over 'glyf': 34 glyphs after
09.05.2025 19:11:06 [INFO] Glyph names: ['.notdef', '.null', 'B', 'E', 'Euro', 'G', 'L', 'M', 'R', 'a', 'b', 'c', 'colon', 'e', 'four', 'g', 'h', 'i', 'l', 'm', 'n', 'nonmarkingreturn', 'o', 'one', 'p', 'period', 'r', 's', 'seven', 'space', 't', 'u', 'z', 'zero']
09.05.2025 19:11:06 [INFO] Glyph IDs:   [0, 1, 2, 3, 17, 19, 20, 23, 26, 29, 37, 40, 42, 47, 48, 53, 68, 69, 70, 72, 74, 75, 76, 79, 80, 81, 82, 83, 85, 86, 87, 88, 93, 2948]
09.05.2025 19:11:06 [INFO] Retaining 34 glyphs
09.05.2025 19:11:06 [INFO] head subsetting not needed
09.05.2025 19:11:06 [INFO] hhea subsetting not needed
09.05.2025 19:11:06 [INFO] maxp subsetting not needed
09.05.2025 19:11:06 [INFO] OS/2 subsetting not needed
09.05.2025 19:11:06 [INFO] hmtx subsetted
09.05.2025 19:11:06 [INFO] cmap subsetted
09.05.2025 19:11:06 [INFO] fpgm subsetting not needed
09.05.2025 19:11:06 [INFO] prep subsetting not needed
09.05.2025 19:11:06 [INFO] cvt  subsetting not needed
09.05.2025 19:11:06 [INFO] loca subsetting not needed
09.05.2025 19:11:06 [INFO] post subsetted
09.05.2025 19:11:06 [INFO] gasp subsetting not needed
09.05.2025 19:11:06 [INFO] name subsetting not needed
09.05.2025 19:11:06 [INFO] glyf subsetted
09.05.2025 19:11:06 [INFO] head pruned
09.05.2025 19:11:06 [INFO] OS/2 Unicode ranges pruned: [0, 33]
09.05.2025 19:11:06 [INFO] OS/2 CodePage ranges pruned: [0]
09.05.2025 19:11:06 [INFO] glyf pruned
09.05.2025 19:11:06 [INFO] name pruned
11.05.2025 15:02:10 [ERROR] Ungültige Menge: -5
11.05.2025 15:02:10 [ERROR] Ungültige Menge: -3
11.05.2025 15:03:12 [ERROR] Ungültige Menge: -5
11.05.2025 15:03:12 [ERROR] Ungültige Menge: -3
11.05.2025 15:03:15 [INFO] maxp pruned
11.05.2025 15:03:15 [INFO] cmap pruned
11.05.2025 15:03:15 [INFO] kern dropped
11.05.2025 15:03:15 [INFO] post pruned
11.05.2025 15:03:15 [INFO] FFTM dropped
11.05.2025 15:03:15 [INFO] MATH dropped
11.05.2025 15:03:15 [INFO] GDEF dropped
11.05.2025 15:03:15 [INFO] GPOS dropped
11.05.2025 15:03:15 [INFO] GSUB dropped
11.05.2025 15:03:15 [INFO] glyf pruned
11.05.2025 15:03:15 [INFO] Added gid0 to subset
11.05.2025 15:03:15 [INFO] Added first four glyphs to subset
11.05.2025 15:03:15 [INFO] Closing glyph list over 'glyf': 48 glyphs before
11.05.2025 15:03:15 [INFO] Glyph names: ['.notdef', '.null', 'B', 'D', 'Euro', 'H', 'M', 'N', 'R', 'U', 'W', 'a', 'b', 'c', 'colon', 'd', 'e', 'eight', 'five', 'four', 'g', 'germandbls', 'h', 'hyphen', 'i', 'm', 'n', 'nine', 'nonmarkingreturn', 'o', 'one', 'p', 'parenleft', 'parenright', 'percent', 'period', 'r', 's', 'six', 'space', 't', 'three', 'two', 'u', 'uni202F', 'x', 'z', 'zero']
11.05.2025 15:03:15 [INFO] Glyph IDs:   [0, 1, 2, 3, 8, 11, 12, 16, 17, 19, 20, 21, 22, 23, 24, 25, 27, 28, 29, 37, 39, 43, 48, 49, 53, 56, 58, 68, 69, 70, 71, 72, 74, 75, 76, 80, 81, 82, 83, 85, 86, 87, 88, 91, 93, 161, 2834, 2948]
11.05.2025 15:03:15 [INFO] Closed glyph list over 'glyf': 48 glyphs after
11.05.2025 15:03:15 [INFO] Glyph names: ['.notdef', '.null', 'B', 'D', 'Euro', 'H', 'M', 'N', 'R', 'U', 'W', 'a', 'b', 'c', 'colon', 'd', 'e', 'eight', 'five', 'four', 'g', 'germandbls', 'h', 'hyphen', 'i', 'm', 'n', 'nine', 'nonmarkingreturn', 'o', 'one', 'p', 'parenleft', 'parenright', 'percent', 'period', 'r', 's', 'six', 'space', 't', 'three', 'two', 'u', 'uni202F', 'x', 'z', 'zero']
11.05.2025 15:03:15 [INFO] Glyph IDs:   [0, 1, 2, 3, 8, 11, 12, 16, 17, 19, 20, 21, 22, 23, 24, 25, 27, 28, 29, 37, 39, 43, 48, 49, 53, 56, 58, 68, 69, 70, 71, 72, 74, 75, 76, 80, 81, 82, 83, 85, 86, 87, 88, 91, 93, 161, 2834, 2948]
11.05.2025 15:03:15 [INFO] Retaining 48 glyphs
11.05.2025 15:03:15 [INFO] head subsetting not needed
11.05.2025 15:03:15 [INFO] hhea subsetting not needed
11.05.2025 15:03:15 [INFO] maxp subsetting not needed
11.05.2025 15:03:15 [INFO] OS/2 subsetting not needed
11.05.2025 15:03:15 [INFO] hmtx subsetted
11.05.2025 15:03:15 [INFO] cmap subsetted
11.05.2025 15:03:15 [INFO] fpgm subsetting not needed
11.05.2025 15:03:15 [INFO] prep subsetting not needed
11.05.2025 15:03:15 [INFO] cvt  subsetting not needed
11.05.2025 15:03:15 [INFO] loca subsetting not needed
11.05.2025 15:03:15 [INFO] post subsetted
11.05.2025 15:03:15 [INFO] gasp subsetting not needed
11.05.2025 15:03:15 [INFO] name subsetting not needed
11.05.2025 15:03:15 [INFO] glyf subsetted
11.05.2025 15:03:15 [INFO] head pruned
11.05.2025 15:03:15 [INFO] OS/2 Unicode ranges pruned: [0, 1, 31, 33]
11.05.2025 15:03:15 [INFO] OS/2 CodePage ranges pruned: [0]
11.05.2025 15:03:15 [INFO] glyf pruned
11.05.2025 15:03:15 [INFO] name pruned
11.05.2025 15:03:15 [INFO] maxp pruned
11.05.2025 15:03:15 [INFO] cmap pruned
11.05.2025 15:03:15 [INFO] kern dropped
11.05.2025 15:03:15 [INFO] post pruned
11.05.2025 15:03:15 [INFO] FFTM dropped
11.05.2025 15:03:15 [INFO] GDEF dropped
11.05.2025 15:03:15 [INFO] GPOS dropped
11.05.2025 15:03:15 [INFO] GSUB dropped
11.05.2025 15:03:15 [INFO] glyf pruned
11.05.2025 15:03:15 [INFO] Added gid0 to subset
11.05.2025 15:03:15 [INFO] Added first four glyphs to subset
11.05.2025 15:03:15 [INFO] Closing glyph list over 'glyf': 34 glyphs before
11.05.2025 15:03:15 [INFO] Glyph names: ['.notdef', '.null', 'B', 'E', 'Euro', 'G', 'L', 'M', 'R', 'a', 'b', 'c', 'colon', 'e', 'four', 'g', 'h', 'i', 'l', 'm', 'n', 'nonmarkingreturn', 'o', 'one', 'p', 'period', 'r', 's', 'seven', 'space', 't', 'u', 'z', 'zero']
11.05.2025 15:03:15 [INFO] Glyph IDs:   [0, 1, 2, 3, 17, 19, 20, 23, 26, 29, 37, 40, 42, 47, 48, 53, 68, 69, 70, 72, 74, 75, 76, 79, 80, 81, 82, 83, 85, 86, 87, 88, 93, 2948]
11.05.2025 15:03:15 [INFO] Closed glyph list over 'glyf': 34 glyphs after
11.05.2025 15:03:15 [INFO] Glyph names: ['.notdef', '.null', 'B', 'E', 'Euro', 'G', 'L', 'M', 'R', 'a', 'b', 'c', 'colon', 'e', 'four', 'g', 'h', 'i', 'l', 'm', 'n', 'nonmarkingreturn', 'o', 'one', 'p', 'period', 'r', 's', 'seven', 'space', 't', 'u', 'z', 'zero']
11.05.2025 15:03:15 [INFO] Glyph IDs:   [0, 1, 2, 3, 17, 19, 20, 23, 26, 29, 37, 40, 42, 47, 48, 53, 68, 69, 70, 72, 74, 75, 76, 79, 80, 81, 82, 83, 85, 86, 87, 88, 93, 2948]
11.05.2025 15:03:15 [INFO] Retaining 34 glyphs
11.05.2025 15:03:15 [INFO] head subsetting not needed
11.05.2025 15:03:15 [INFO] hhea subsetting not needed
11.05.2025 15:03:15 [INFO] maxp subsetting not needed
11.05.2025 15:03:15 [INFO] OS/2 subsetting not needed
11.05.2025 15:03:15 [INFO] hmtx subsetted
11.05.2025 15:03:15 [INFO] cmap subsetted
11.05.2025 15:03:15 [INFO] fpgm subsetting not needed
11.05.2025 15:03:15 [INFO] prep subsetting not needed
11.05.2025 15:03:15 [INFO] cvt  subsetting not needed
11.05.2025 15:03:15 [INFO] loca subsetting not needed
11.05.2025 15:03:15 [INFO] post subsetted
11.05.2025 15:03:15 [INFO] gasp subsetting not needed
11.05.2025 15:03:15 [INFO] name subsetting not needed
11.05.2025 15:03:15 [INFO] glyf subsetted
11.05.2025 15:03:15 [INFO] head pruned
11.05.2025 15:03:15 [INFO] OS/2 Unicode ranges pruned: [0, 33]
11.05.2025 15:03:15 [INFO] OS/2 CodePage ranges pruned: [0]
11.05.2025 15:03:15 [INFO] glyf pruned
11.05.2025 15:03:15 [INFO] name pruned
11.05.2025 15:05:17 [INFO] maxp pruned
11.05.2025 15:05:17 [INFO] cmap pruned
11.05.2025 15:05:17 [INFO] kern dropped
11.05.2025 15:05:17 [INFO] post pruned
11.05.2025 15:05:17 [INFO] FFTM dropped
11.05.2025 15:05:17 [INFO] MATH dropped
11.05.2025 15:05:17 [INFO] GDEF dropped
11.05.2025 15:05:17 [INFO] GPOS dropped
11.05.2025 15:05:17 [INFO] GSUB dropped
11.05.2025 15:05:17 [INFO] glyf pruned
11.05.2025 15:05:17 [INFO] Added gid0 to subset
11.05.2025 15:05:17 [INFO] Added first four glyphs to subset
11.05.2025 15:05:17 [INFO] Closing glyph list over 'glyf': 51 glyphs before
11.05.2025 15:05:17 [INFO] Glyph names: ['.notdef', '.null', 'D', 'Euro', 'G', 'I', 'K', 'M', 'N', 'P', 'R', 'U', 'W', 'a', 'b', 'c', 'colon', 'e', 'eight', 'five', 'four', 'g', 'h', 'hyphen', 'i', 'k', 'l', 'm', 'n', 'nine', 'nonmarkingreturn', 'o', 'one', 'parenleft', 'parenright', 'percent', 'period', 'r', 's', 'seven', 'six', 'space', 't', 'three', 'two', 'u', 'udieresis', 'uni202F', 'w', 'z', 'zero']
11.05.2025 15:05:17 [INFO] Glyph IDs:   [0, 1, 2, 3, 8, 11, 12, 16, 17, 19, 20, 21, 22, 23, 24, 25, 26, 27, 28, 29, 39, 42, 44, 46, 48, 49, 51, 53, 56, 58, 68, 69, 70, 72, 74, 75, 76, 78, 79, 80, 81, 82, 85, 86, 87, 88, 90, 93, 190, 2834, 2948]
11.05.2025 15:05:17 [INFO] Closed glyph list over 'glyf': 52 glyphs after
11.05.2025 15:05:17 [INFO] Glyph names: ['.notdef', '.null', 'D', 'Euro', 'G', 'I', 'K', 'M', 'N', 'P', 'R', 'U', 'W', 'a', 'b', 'c', 'colon', 'dieresis', 'e', 'eight', 'five', 'four', 'g', 'h', 'hyphen', 'i', 'k', 'l', 'm', 'n', 'nine', 'nonmarkingreturn', 'o', 'one', 'parenleft', 'parenright', 'percent', 'period', 'r', 's', 'seven', 'six', 'space', 't', 'three', 'two', 'u', 'udieresis', 'uni202F', 'w', 'z', 'zero']
11.05.2025 15:05:17 [INFO] Glyph IDs:   [0, 1, 2, 3, 8, 11, 12, 16, 17, 19, 20, 21, 22, 23, 24, 25, 26, 27, 28, 29, 39, 42, 44, 46, 48, 49, 51, 53, 56, 58, 68, 69, 70, 72, 74, 75, 76, 78, 79, 80, 81, 82, 85, 86, 87, 88, 90, 93, 106, 190, 2834, 2948]
11.05.2025 15:05:17 [INFO] Retaining 52 glyphs
11.05.2025 15:05:17 [INFO] head subsetting not needed
11.05.2025 15:05:17 [INFO] hhea subsetting not needed
11.05.2025 15:05:17 [INFO] maxp subsetting not needed
11.05.2025 15:05:17 [INFO] OS/2 subsetting not needed
11.05.2025 15:05:17 [INFO] hmtx subsetted
11.05.2025 15:05:17 [INFO] cmap subsetted
11.05.2025 15:05:17 [INFO] fpgm subsetting not needed
11.05.2025 15:05:17 [INFO] prep subsetting not needed
11.05.2025 15:05:17 [INFO] cvt  subsetting not needed
11.05.2025 15:05:17 [INFO] loca subsetting not needed
11.05.2025 15:05:17 [INFO] post subsetted
11.05.2025 15:05:17 [INFO] gasp subsetting not needed
11.05.2025 15:05:17 [INFO] name subsetting not needed
11.05.2025 15:05:17 [INFO] glyf subsetted
11.05.2025 15:05:17 [INFO] head pruned
11.05.2025 15:05:17 [INFO] OS/2 Unicode ranges pruned: [0, 1, 31, 33]
11.05.2025 15:05:17 [INFO] OS/2 CodePage ranges pruned: [0]
11.05.2025 15:05:17 [INFO] glyf pruned
11.05.2025 15:05:17 [INFO] name pruned
11.05.2025 15:05:17 [INFO] maxp pruned
11.05.2025 15:05:17 [INFO] cmap pruned
11.05.2025 15:05:17 [INFO] kern dropped
11.05.2025 15:05:17 [INFO] post pruned
11.05.2025 15:05:17 [INFO] FFTM dropped
11.05.2025 15:05:17 [INFO] GDEF dropped
11.05.2025 15:05:17 [INFO] GPOS dropped
11.05.2025 15:05:17 [INFO] GSUB dropped
11.05.2025 15:05:17 [INFO] glyf pruned
11.05.2025 15:05:17 [INFO] Added gid0 to subset
11.05.2025 15:05:17 [INFO] Added first four glyphs to subset
11.05.2025 15:05:17 [INFO] Closing glyph list over 'glyf': 34 glyphs before
11.05.2025 15:05:17 [INFO] Glyph names: ['.notdef', '.null', 'B', 'E', 'Euro', 'G', 'L', 'M', 'R', 'a', 'b', 'c', 'colon', 'e', 'eight', 'five', 'g', 'h', 'i', 'l', 'm', 'n', 'nonmarkingreturn', 'o', 'p', 'period', 'r', 's', 'space', 't', 'two', 'u', 'z', 'zero']
11.05.2025 15:05:17 [INFO] Glyph IDs:   [0, 1, 2, 3, 17, 19, 21, 24, 27, 29, 37, 40, 42, 47, 48, 53, 68, 69, 70, 72, 74, 75, 76, 79, 80, 81, 82, 83, 85, 86, 87, 88, 93, 2948]
11.05.2025 15:05:17 [INFO] Closed glyph list over 'glyf': 34 glyphs after
11.05.2025 15:05:17 [INFO] Glyph names: ['.notdef', '.null', 'B', 'E', 'Euro', 'G', 'L', 'M', 'R', 'a', 'b', 'c', 'colon', 'e', 'eight', 'five', 'g', 'h', 'i', 'l', 'm', 'n', 'nonmarkingreturn', 'o', 'p', 'period', 'r', 's', 'space', 't', 'two', 'u', 'z', 'zero']
11.05.2025 15:05:17 [INFO] Glyph IDs:   [0, 1, 2, 3, 17, 19, 21, 24, 27, 29, 37, 40, 42, 47, 48, 53, 68, 69, 70, 72, 74, 75, 76, 79, 80, 81, 82, 83, 85, 86, 87, 88, 93, 2948]
11.05.2025 15:05:17 [INFO] Retaining 34 glyphs
11.05.2025 15:05:17 [INFO] head subsetting not needed
11.05.2025 15:05:17 [INFO] hhea subsetting not needed
11.05.2025 15:05:17 [INFO] maxp subsetting not needed
11.05.2025 15:05:17 [INFO] OS/2 subsetting not needed
11.05.2025 15:05:17 [INFO] hmtx subsetted
11.05.2025 15:05:17 [INFO] cmap subsetted
11.05.2025 15:05:17 [INFO] fpgm subsetting not needed
11.05.2025 15:05:17 [INFO] prep subsetting not needed
11.05.2025 15:05:17 [INFO] cvt  subsetting not needed
11.05.2025 15:05:17 [INFO] loca subsetting not needed
11.05.2025 15:05:17 [INFO] post subsetted
11.05.2025 15:05:17 [INFO] gasp subsetting not needed
11.05.2025 15:05:17 [INFO] name subsetting not needed
11.05.2025 15:05:17 [INFO] glyf subsetted
11.05.2025 15:05:17 [INFO] head pruned
11.05.2025 15:05:17 [INFO] OS/2 Unicode ranges pruned: [0, 33]
11.05.2025 15:05:17 [INFO] OS/2 CodePage ranges pruned: [0]
11.05.2025 15:05:17 [INFO] glyf pruned
11.05.2025 15:05:17 [INFO] name pruned
11.05.2025 15:21:06 [INFO] maxp pruned
11.05.2025 15:21:06 [INFO] cmap pruned
11.05.2025 15:21:06 [INFO] kern dropped
11.05.2025 15:21:06 [INFO] post pruned
11.05.2025 15:21:06 [INFO] FFTM dropped
11.05.2025 15:21:06 [INFO] MATH dropped
11.05.2025 15:21:06 [INFO] GDEF dropped
11.05.2025 15:21:06 [INFO] GPOS dropped
11.05.2025 15:21:06 [INFO] GSUB dropped
11.05.2025 15:21:06 [INFO] glyf pruned
11.05.2025 15:21:06 [INFO] Added gid0 to subset
11.05.2025 15:21:06 [INFO] Added first four glyphs to subset
11.05.2025 15:21:06 [INFO] Closing glyph list over 'glyf': 52 glyphs before
11.05.2025 15:21:06 [INFO] Glyph names: ['.notdef', '.null', 'D', 'Euro', 'F', 'G', 'H', 'I', 'K', 'L', 'M', 'N', 'R', 'U', 'a', 'b', 'c', 'colon', 'comma', 'e', 'eight', 'f', 'five', 'g', 'h', 'hyphen', 'i', 'k', 'l', 'm', 'n', 'nine', 'nonmarkingreturn', 'o', 'odieresis', 'one', 'parenleft', 'parenright', 'percent', 'period', 'r', 's', 'seven', 'space', 't', 'three', 'two', 'u', 'uni202F', 'w', 'z', 'zero']
11.05.2025 15:21:06 [INFO] Glyph IDs:   [0, 1, 2, 3, 8, 11, 12, 15, 16, 17, 19, 20, 21, 22, 24, 26, 27, 28, 29, 39, 41, 42, 43, 44, 46, 47, 48, 49, 53, 56, 68, 69, 70, 72, 73, 74, 75, 76, 78, 79, 80, 81, 82, 85, 86, 87, 88, 90, 93, 184, 2834, 2948]
11.05.2025 15:21:06 [INFO] Closed glyph list over 'glyf': 53 glyphs after
11.05.2025 15:21:06 [INFO] Glyph names: ['.notdef', '.null', 'D', 'Euro', 'F', 'G', 'H', 'I', 'K', 'L', 'M', 'N', 'R', 'U', 'a', 'b', 'c', 'colon', 'comma', 'dieresis', 'e', 'eight', 'f', 'five', 'g', 'h', 'hyphen', 'i', 'k', 'l', 'm', 'n', 'nine', 'nonmarkingreturn', 'o', 'odieresis', 'one', 'parenleft', 'parenright', 'percent', 'period', 'r', 's', 'seven', 'space', 't', 'three', 'two', 'u', 'uni202F', 'w', 'z', 'zero']
11.05.2025 15:21:06 [INFO] Glyph IDs:   [0, 1, 2, 3, 8, 11, 12, 15, 16, 17, 19, 20, 21, 22, 24, 26, 27, 28, 29, 39, 41, 42, 43, 44, 46, 47, 48, 49, 53, 56, 68, 69, 70, 72, 73, 74, 75, 76, 78, 79, 80, 81, 82, 85, 86, 87, 88, 90, 93, 106, 184, 2834, 2948]
11.05.2025 15:21:06 [INFO] Retaining 53 glyphs
11.05.2025 15:21:06 [INFO] head subsetting not needed
11.05.2025 15:21:06 [INFO] hhea subsetting not needed
11.05.2025 15:21:06 [INFO] maxp subsetting not needed
11.05.2025 15:21:06 [INFO] OS/2 subsetting not needed
11.05.2025 15:21:06 [INFO] hmtx subsetted
11.05.2025 15:21:06 [INFO] cmap subsetted
11.05.2025 15:21:06 [INFO] fpgm subsetting not needed
11.05.2025 15:21:06 [INFO] prep subsetting not needed
11.05.2025 15:21:06 [INFO] cvt  subsetting not needed
11.05.2025 15:21:06 [INFO] loca subsetting not needed
11.05.2025 15:21:06 [INFO] post subsetted
11.05.2025 15:21:06 [INFO] gasp subsetting not needed
11.05.2025 15:21:06 [INFO] name subsetting not needed
11.05.2025 15:21:06 [INFO] glyf subsetted
11.05.2025 15:21:06 [INFO] head pruned
11.05.2025 15:21:06 [INFO] OS/2 Unicode ranges pruned: [0, 1, 31, 33]
11.05.2025 15:21:06 [INFO] OS/2 CodePage ranges pruned: [0]
11.05.2025 15:21:06 [INFO] glyf pruned
11.05.2025 15:21:06 [INFO] name pruned
11.05.2025 15:21:06 [INFO] maxp pruned
11.05.2025 15:21:06 [INFO] cmap pruned
11.05.2025 15:21:06 [INFO] kern dropped
11.05.2025 15:21:06 [INFO] post pruned
11.05.2025 15:21:06 [INFO] FFTM dropped
11.05.2025 15:21:06 [INFO] GDEF dropped
11.05.2025 15:21:06 [INFO] GPOS dropped
11.05.2025 15:21:06 [INFO] GSUB dropped
11.05.2025 15:21:06 [INFO] glyf pruned
11.05.2025 15:21:06 [INFO] Added gid0 to subset
11.05.2025 15:21:06 [INFO] Added first four glyphs to subset
11.05.2025 15:21:06 [INFO] Closing glyph list over 'glyf': 36 glyphs before
11.05.2025 15:21:06 [INFO] Glyph names: ['.notdef', '.null', 'B', 'E', 'Euro', 'G', 'L', 'M', 'R', 'a', 'b', 'c', 'colon', 'e', 'four', 'g', 'h', 'i', 'l', 'm', 'n', 'nonmarkingreturn', 'o', 'one', 'p', 'period', 'r', 's', 'seven', 'six', 'space', 't', 'three', 'u', 'z', 'zero']
11.05.2025 15:21:06 [INFO] Glyph IDs:   [0, 1, 2, 3, 17, 19, 20, 22, 23, 25, 26, 29, 37, 40, 42, 47, 48, 53, 68, 69, 70, 72, 74, 75, 76, 79, 80, 81, 82, 83, 85, 86, 87, 88, 93, 2948]
11.05.2025 15:21:06 [INFO] Closed glyph list over 'glyf': 36 glyphs after
11.05.2025 15:21:06 [INFO] Glyph names: ['.notdef', '.null', 'B', 'E', 'Euro', 'G', 'L', 'M', 'R', 'a', 'b', 'c', 'colon', 'e', 'four', 'g', 'h', 'i', 'l', 'm', 'n', 'nonmarkingreturn', 'o', 'one', 'p', 'period', 'r', 's', 'seven', 'six', 'space', 't', 'three', 'u', 'z', 'zero']
11.05.2025 15:21:06 [INFO] Glyph IDs:   [0, 1, 2, 3, 17, 19, 20, 22, 23, 25, 26, 29, 37, 40, 42, 47, 48, 53, 68, 69, 70, 72, 74, 75, 76, 79, 80, 81, 82, 83, 85, 86, 87, 88, 93, 2948]
11.05.2025 15:21:06 [INFO] Retaining 36 glyphs
11.05.2025 15:21:06 [INFO] head subsetting not needed
11.05.2025 15:21:06 [INFO] hhea subsetting not needed
11.05.2025 15:21:06 [INFO] maxp subsetting not needed
11.05.2025 15:21:06 [INFO] OS/2 subsetting not needed
11.05.2025 15:21:06 [INFO] hmtx subsetted
11.05.2025 15:21:06 [INFO] cmap subsetted
11.05.2025 15:21:06 [INFO] fpgm subsetting not needed
11.05.2025 15:21:06 [INFO] prep subsetting not needed
11.05.2025 15:21:06 [INFO] cvt  subsetting not needed
11.05.2025 15:21:06 [INFO] loca subsetting not needed
11.05.2025 15:21:06 [INFO] post subsetted
11.05.2025 15:21:06 [INFO] gasp subsetting not needed
11.05.2025 15:21:06 [INFO] name subsetting not needed
11.05.2025 15:21:06 [INFO] glyf subsetted
11.05.2025 15:21:06 [INFO] head pruned
11.05.2025 15:21:06 [INFO] OS/2 Unicode ranges pruned: [0, 33]
11.05.2025 15:21:06 [INFO] OS/2 CodePage ranges pruned: [0]
11.05.2025 15:21:06 [INFO] glyf pruned
11.05.2025 15:21:06 [INFO] name pruned
